Build started 9/20/2014 3:12:19 AM.
     1>Project "C:\Source\evoskuil\libbitcoin_blockchain\builds\msvc\vs2013\libbitcoin_blockchain\libbitcoin_blockchain.vcxproj" on node 2 (Build target(s)).
     1>ConfigInfo:
         ConfigurationType : DynamicLibrary
         Configuration     : DebugDLL
         PlatformToolset   : CTP_Nov2013
         TargetPath        : C:\Source\evoskuil\libbitcoin_blockchain\builds\msvc\vs2013\libbitcoin_blockchain\..\..\..\..\bin\x64\Debug\CTP_Nov2013\dynamic\libbitcoin_blockchain.dll
       LinkageInfo:
         Linkage-secp256k1 : static
         Linkage-mpir      : static
         Linkage-libbitcoin: dynamic
       ClCompile:
         C:\Program Files (x86)\Microsoft Visual C++ Compiler Nov 2013 CTP\bin\x86_amd64\CL.exe /c /IC:\Source\nuget\boost.1.56.0.0\build\native\..\..\lib\native\include\ /IC:\Source\nuget\secp256k1_gmp_vc120.0.1.0.1\build\native\include\ /IC:\Source\nuget\libgmp_vc120.5.1.3.2\build\native\include\ /IC:\Source\evoskuil\libbitcoin_blockchain\builds\msvc\vs2013\libbitcoin_blockchain\..\..\..\..\..\libbitcoin\include\ /IC:\Source\evoskuil\libbitcoin_blockchain\builds\msvc\vs2013\libbitcoin_blockchain\..\..\..\..\include\ /Zi /nologo /W3 /WX- /MP /Od /D EC_STATIC /D BCB_DLL /D _WIN32_WINNT=0x0600 /D _DLL /D _WINDLL /D _DEBUG /D UNICODE /D _UNICODE /D WIN32 /D _WIN32 /D WIN64 /D _WIN64 /D _WINDLL /Gm- /EHsc /RTC1 /MDd /GS /Gy /fp:precise /Zc:wchar_t /Zc:forScope /Fo"C:\Source\evoskuil\libbitcoin_blockchain\builds\msvc\vs2013\libbitcoin_blockchain\..\..\..\..\obj\libbitcoin_blockchain\x64\Debug\CTP_Nov2013\dynamic\\" /Fd"C:\Source\evoskuil\libbitcoin_blockchain\builds\msvc\vs2013\libbitcoin_blockchain\..\..\..\..\obj\libbitcoin_blockchain\x64\Debug\CTP_Nov2013\dynamic\vc120.pdb" /Gd /TP /analyze- /errorReport:prompt ..\..\..\..\src\database\block_database.cpp ..\..\..\..\src\database\history_database.cpp ..\..\..\..\src\database\history_scan_database.cpp ..\..\..\..\src\database\hsdb_settings.cpp ..\..\..\..\src\database\hsdb_shard.cpp ..\..\..\..\src\database\linked_records.cpp ..\..\..\..\src\database\multimap_records.cpp ..\..\..\..\src\database\record_allocator.cpp ..\..\..\..\src\database\slab_allocator.cpp ..\..\..\..\src\database\spend_database.cpp ..\..\..\..\src\database\stealth_database.cpp ..\..\..\..\src\database\transaction_database.cpp ..\..\..\..\src\database\utility.cpp ..\..\..\..\src\db_interface.cpp ..\..\..\..\src\impl\blockchain_impl.cpp ..\..\..\..\src\impl\organizer_impl.cpp ..\..\..\..\src\impl\simple_chain_impl.cpp ..\..\..\..\src\impl\validate_block_impl.cpp ..\..\..\..\src\organizer.cpp
         block_database.cpp
         history_database.cpp
         history_scan_database.cpp
         hsdb_settings.cpp
         hsdb_shard.cpp
         linked_records.cpp
         multimap_records.cpp
         record_allocator.cpp
     1>C:\Source\evoskuil\libbitcoin\include\bitcoin/bitcoin/types.hpp(88): warning C4251: 'libbitcoin::node_address::hostname' : class 'std::basic_string<char,std::char_traits<char>,std::allocator<char>>' needs to have dll-interface to be used by clients of struct 'libbitcoin::node_address' (..\..\..\..\src\database\history_scan_database.cpp)
     1>C:\Source\evoskuil\libbitcoin\include\bitcoin/bitcoin/types.hpp(88): warning C4251: 'libbitcoin::node_address::hostname' : class 'std::basic_string<char,std::char_traits<char>,std::allocator<char>>' needs to have dll-interface to be used by clients of struct 'libbitcoin::node_address' (..\..\..\..\src\database\hsdb_settings.cpp)
     1>C:\Source\evoskuil\libbitcoin\include\bitcoin/bitcoin/types.hpp(88): warning C4251: 'libbitcoin::node_address::hostname' : class 'std::basic_string<char,std::char_traits<char>,std::allocator<char>>' needs to have dll-interface to be used by clients of struct 'libbitcoin::node_address' (..\..\..\..\src\database\multimap_records.cpp)
     1>C:\Source\evoskuil\libbitcoin\include\bitcoin/bitcoin/types.hpp(88): warning C4251: 'libbitcoin::node_address::hostname' : class 'std::basic_string<char,std::char_traits<char>,std::allocator<char>>' needs to have dll-interface to be used by clients of struct 'libbitcoin::node_address' (..\..\..\..\src\database\linked_records.cpp)
     1>C:\Source\evoskuil\libbitcoin\include\bitcoin/bitcoin/script.hpp(152): warning C4251: 'libbitcoin::operation::data' : class 'std::vector<boost::asio::detail::buffered_stream_storage::byte_type,std::allocator<_Ty>>' needs to have dll-interface to be used by clients of struct 'libbitcoin::operation'
                 with
                 [
                     _Ty=boost::asio::detail::buffered_stream_storage::byte_type
                 ] (..\..\..\..\src\database\hsdb_settings.cpp)
     1>C:\Source\evoskuil\libbitcoin\include\bitcoin/bitcoin/script.hpp(152): warning C4251: 'libbitcoin::operation::data' : class 'std::vector<boost::asio::detail::buffered_stream_storage::byte_type,std::allocator<_Ty>>' needs to have dll-interface to be used by clients of struct 'libbitcoin::operation'
                 with
                 [
                     _Ty=boost::asio::detail::buffered_stream_storage::byte_type
                 ] (..\..\..\..\src\database\multimap_records.cpp)
     1>C:\Source\evoskuil\libbitcoin\include\bitcoin/bitcoin/script.hpp(152): warning C4251: 'libbitcoin::operation::data' : class 'std::vector<boost::asio::detail::buffered_stream_storage::byte_type,std::allocator<_Ty>>' needs to have dll-interface to be used by clients of struct 'libbitcoin::operation'
                 with
                 [
                     _Ty=boost::asio::detail::buffered_stream_storage::byte_type
                 ] (..\..\..\..\src\database\linked_records.cpp)
     1>C:\Source\evoskuil\libbitcoin\include\bitcoin/bitcoin/script.hpp(152): warning C4251: 'libbitcoin::operation::data' : class 'std::vector<boost::asio::detail::buffered_stream_storage::byte_type,std::allocator<_Ty>>' needs to have dll-interface to be used by clients of struct 'libbitcoin::operation'
                 with
                 [
                     _Ty=boost::asio::detail::buffered_stream_storage::byte_type
                 ] (..\..\..\..\src\database\history_scan_database.cpp)
     1>C:\Source\evoskuil\libbitcoin\include\bitcoin/bitcoin/types.hpp(88): warning C4251: 'libbitcoin::node_address::hostname' : class 'std::basic_string<char,std::char_traits<char>,std::allocator<char>>' needs to have dll-interface to be used by clients of struct 'libbitcoin::node_address' (..\..\..\..\src\database\history_database.cpp)
     1>C:\Source\evoskuil\libbitcoin\include\bitcoin/bitcoin/script.hpp(152): warning C4251: 'libbitcoin::operation::data' : class 'std::vector<boost::asio::detail::buffered_stream_storage::byte_type,std::allocator<_Ty>>' needs to have dll-interface to be used by clients of struct 'libbitcoin::operation'
                 with
                 [
                     _Ty=boost::asio::detail::buffered_stream_storage::byte_type
                 ] (..\..\..\..\src\database\history_database.cpp)
     1>C:\Source\evoskuil\libbitcoin\include\bitcoin/bitcoin/types.hpp(88): warning C4251: 'libbitcoin::node_address::hostname' : class 'std::basic_string<char,std::char_traits<char>,std::allocator<char>>' needs to have dll-interface to be used by clients of struct 'libbitcoin::node_address' (..\..\..\..\src\database\record_allocator.cpp)
     1>C:\Source\evoskuil\libbitcoin\include\bitcoin/bitcoin/script.hpp(152): warning C4251: 'libbitcoin::operation::data' : class 'std::vector<boost::asio::detail::buffered_stream_storage::byte_type,std::allocator<_Ty>>' needs to have dll-interface to be used by clients of struct 'libbitcoin::operation'
                 with
                 [
                     _Ty=boost::asio::detail::buffered_stream_storage::byte_type
                 ] (..\..\..\..\src\database\record_allocator.cpp)
     1>C:\Source\evoskuil\libbitcoin\include\bitcoin/bitcoin/types.hpp(88): warning C4251: 'libbitcoin::node_address::hostname' : class 'std::basic_string<char,std::char_traits<char>,std::allocator<char>>' needs to have dll-interface to be used by clients of struct 'libbitcoin::node_address' (..\..\..\..\src\database\block_database.cpp)
     1>C:\Source\evoskuil\libbitcoin\include\bitcoin/bitcoin/script.hpp(152): warning C4251: 'libbitcoin::operation::data' : class 'std::vector<boost::asio::detail::buffered_stream_storage::byte_type,std::allocator<_Ty>>' needs to have dll-interface to be used by clients of struct 'libbitcoin::operation'
                 with
                 [
                     _Ty=boost::asio::detail::buffered_stream_storage::byte_type
                 ] (..\..\..\..\src\database\block_database.cpp)
     1>C:\Source\evoskuil\libbitcoin\include\bitcoin/bitcoin/types.hpp(88): warning C4251: 'libbitcoin::node_address::hostname' : class 'std::basic_string<char,std::char_traits<char>,std::allocator<char>>' needs to have dll-interface to be used by clients of struct 'libbitcoin::node_address' (..\..\..\..\src\database\hsdb_shard.cpp)
     1>C:\Source\evoskuil\libbitcoin\include\bitcoin/bitcoin/script.hpp(152): warning C4251: 'libbitcoin::operation::data' : class 'std::vector<boost::asio::detail::buffered_stream_storage::byte_type,std::allocator<_Ty>>' needs to have dll-interface to be used by clients of struct 'libbitcoin::operation'
                 with
                 [
                     _Ty=boost::asio::detail::buffered_stream_storage::byte_type
                 ] (..\..\..\..\src\database\hsdb_shard.cpp)
     1>C:\Source\evoskuil\libbitcoin\include\bitcoin/bitcoin/primitives.hpp(64): warning C4251: 'libbitcoin::header_type::command' : class 'std::basic_string<char,std::char_traits<char>,std::allocator<char>>' needs to have dll-interface to be used by clients of struct 'libbitcoin::header_type' (..\..\..\..\src\database\linked_records.cpp)
     1>C:\Source\evoskuil\libbitcoin\include\bitcoin/bitcoin/primitives.hpp(78): warning C4251: 'libbitcoin::version_type::user_agent' : class 'std::basic_string<char,std::char_traits<char>,std::allocator<char>>' needs to have dll-interface to be used by clients of struct 'libbitcoin::version_type' (..\..\..\..\src\database\linked_records.cpp)
     1>C:\Source\evoskuil\libbitcoin\include\bitcoin/bitcoin/primitives.hpp(64): warning C4251: 'libbitcoin::header_type::command' : class 'std::basic_string<char,std::char_traits<char>,std::allocator<char>>' needs to have dll-interface to be used by clients of struct 'libbitcoin::header_type' (..\..\..\..\src\database\history_scan_database.cpp)
     1>C:\Source\evoskuil\libbitcoin\include\bitcoin/bitcoin/primitives.hpp(78): warning C4251: 'libbitcoin::version_type::user_agent' : class 'std::basic_string<char,std::char_traits<char>,std::allocator<char>>' needs to have dll-interface to be used by clients of struct 'libbitcoin::version_type' (..\..\..\..\src\database\history_scan_database.cpp)
     1>C:\Source\evoskuil\libbitcoin\include\bitcoin/bitcoin/primitives.hpp(94): warning C4251: 'libbitcoin::get_blocks_type::start_hashes' : class 'std::vector<libbitcoin::hash_digest,std::allocator<_Ty>>' needs to have dll-interface to be used by clients of struct 'libbitcoin::get_blocks_type'
                 with
                 [
                     _Ty=libbitcoin::hash_digest
                 ] (..\..\..\..\src\database\linked_records.cpp)
     1>C:\Source\evoskuil\libbitcoin\include\bitcoin/bitcoin/primitives.hpp(64): warning C4251: 'libbitcoin::header_type::command' : class 'std::basic_string<char,std::char_traits<char>,std::allocator<char>>' needs to have dll-interface to be used by clients of struct 'libbitcoin::header_type' (..\..\..\..\src\database\multimap_records.cpp)
     1>C:\Source\evoskuil\libbitcoin\include\bitcoin/bitcoin/primitives.hpp(78): warning C4251: 'libbitcoin::version_type::user_agent' : class 'std::basic_string<char,std::char_traits<char>,std::allocator<char>>' needs to have dll-interface to be used by clients of struct 'libbitcoin::version_type' (..\..\..\..\src\database\multimap_records.cpp)
     1>C:\Source\evoskuil\libbitcoin\include\bitcoin/bitcoin/primitives.hpp(64): warning C4251: 'libbitcoin::header_type::command' : class 'std::basic_string<char,std::char_traits<char>,std::allocator<char>>' needs to have dll-interface to be used by clients of struct 'libbitcoin::header_type' (..\..\..\..\src\database\record_allocator.cpp)
     1>C:\Source\evoskuil\libbitcoin\include\bitcoin/bitcoin/primitives.hpp(78): warning C4251: 'libbitcoin::version_type::user_agent' : class 'std::basic_string<char,std::char_traits<char>,std::allocator<char>>' needs to have dll-interface to be used by clients of struct 'libbitcoin::version_type' (..\..\..\..\src\database\record_allocator.cpp)
     1>C:\Source\evoskuil\libbitcoin\include\bitcoin/bitcoin/primitives.hpp(64): warning C4251: 'libbitcoin::header_type::command' : class 'std::basic_string<char,std::char_traits<char>,std::allocator<char>>' needs to have dll-interface to be used by clients of struct 'libbitcoin::header_type' (..\..\..\..\src\database\hsdb_shard.cpp)
     1>C:\Source\evoskuil\libbitcoin\include\bitcoin/bitcoin/primitives.hpp(78): warning C4251: 'libbitcoin::version_type::user_agent' : class 'std::basic_string<char,std::char_traits<char>,std::allocator<char>>' needs to have dll-interface to be used by clients of struct 'libbitcoin::version_type' (..\..\..\..\src\database\hsdb_shard.cpp)
     1>C:\Source\evoskuil\libbitcoin\include\bitcoin/bitcoin/primitives.hpp(94): warning C4251: 'libbitcoin::get_blocks_type::start_hashes' : class 'std::vector<libbitcoin::hash_digest,std::allocator<_Ty>>' needs to have dll-interface to be used by clients of struct 'libbitcoin::get_blocks_type'
                 with
                 [
                     _Ty=libbitcoin::hash_digest
                 ] (..\..\..\..\src\database\history_scan_database.cpp)
     1>C:\Source\evoskuil\libbitcoin\include\bitcoin/bitcoin/primitives.hpp(64): warning C4251: 'libbitcoin::header_type::command' : class 'std::basic_string<char,std::char_traits<char>,std::allocator<char>>' needs to have dll-interface to be used by clients of struct 'libbitcoin::header_type' (..\..\..\..\src\database\block_database.cpp)
     1>C:\Source\evoskuil\libbitcoin\include\bitcoin/bitcoin/primitives.hpp(94): warning C4251: 'libbitcoin::get_blocks_type::start_hashes' : class 'std::vector<libbitcoin::hash_digest,std::allocator<_Ty>>' needs to have dll-interface to be used by clients of struct 'libbitcoin::get_blocks_type'
                 with
                 [
                     _Ty=libbitcoin::hash_digest
                 ] (..\..\..\..\src\database\multimap_records.cpp)
     1>C:\Source\evoskuil\libbitcoin\include\bitcoin/bitcoin/primitives.hpp(78): warning C4251: 'libbitcoin::version_type::user_agent' : class 'std::basic_string<char,std::char_traits<char>,std::allocator<char>>' needs to have dll-interface to be used by clients of struct 'libbitcoin::version_type' (..\..\..\..\src\database\block_database.cpp)
     1>C:\Source\evoskuil\libbitcoin\include\bitcoin/bitcoin/primitives.hpp(119): warning C4251: 'libbitcoin::select_outputs_result::points' : class 'std::vector<libbitcoin::input_point,std::allocator<_Ty>>' needs to have dll-interface to be used by clients of struct 'libbitcoin::select_outputs_result'
                 with
                 [
                     _Ty=libbitcoin::input_point
                 ] (..\..\..\..\src\database\linked_records.cpp)
     1>C:\Source\evoskuil\libbitcoin\include\bitcoin/bitcoin/primitives.hpp(126): warning C4251: 'libbitcoin::transaction_input_type::script' : class 'libbitcoin::script_type' needs to have dll-interface to be used by clients of struct 'libbitcoin::transaction_input_type' (..\..\..\..\src\database\linked_records.cpp)
                 C:\Source\evoskuil\libbitcoin\include\bitcoin/bitcoin/script.hpp(178) : see declaration of 'libbitcoin::script_type'
     1>C:\Source\evoskuil\libbitcoin\include\bitcoin/bitcoin/primitives.hpp(133): warning C4251: 'libbitcoin::transaction_output_type::script' : class 'libbitcoin::script_type' needs to have dll-interface to be used by clients of struct 'libbitcoin::transaction_output_type' (..\..\..\..\src\database\linked_records.cpp)
                 C:\Source\evoskuil\libbitcoin\include\bitcoin/bitcoin/script.hpp(178) : see declaration of 'libbitcoin::script_type'
     1>C:\Source\evoskuil\libbitcoin\include\bitcoin/bitcoin/primitives.hpp(94): warning C4251: 'libbitcoin::get_blocks_type::start_hashes' : class 'std::vector<libbitcoin::hash_digest,std::allocator<_Ty>>' needs to have dll-interface to be used by clients of struct 'libbitcoin::get_blocks_type'
                 with
                 [
                     _Ty=libbitcoin::hash_digest
                 ] (..\..\..\..\src\database\record_allocator.cpp)
     1>C:\Source\evoskuil\libbitcoin\include\bitcoin/bitcoin/primitives.hpp(94): warning C4251: 'libbitcoin::get_blocks_type::start_hashes' : class 'std::vector<libbitcoin::hash_digest,std::allocator<_Ty>>' needs to have dll-interface to be used by clients of struct 'libbitcoin::get_blocks_type'
                 with
                 [
                     _Ty=libbitcoin::hash_digest
                 ] (..\..\..\..\src\database\hsdb_shard.cpp)
     1>C:\Source\evoskuil\libbitcoin\include\bitcoin/bitcoin/primitives.hpp(64): warning C4251: 'libbitcoin::header_type::command' : class 'std::basic_string<char,std::char_traits<char>,std::allocator<char>>' needs to have dll-interface to be used by clients of struct 'libbitcoin::header_type' (..\..\..\..\src\database\hsdb_settings.cpp)
     1>C:\Source\evoskuil\libbitcoin\include\bitcoin/bitcoin/primitives.hpp(78): warning C4251: 'libbitcoin::version_type::user_agent' : class 'std::basic_string<char,std::char_traits<char>,std::allocator<char>>' needs to have dll-interface to be used by clients of struct 'libbitcoin::version_type' (..\..\..\..\src\database\hsdb_settings.cpp)
     1>C:\Source\evoskuil\libbitcoin\include\bitcoin/bitcoin/primitives.hpp(94): warning C4251: 'libbitcoin::get_blocks_type::start_hashes' : class 'std::vector<libbitcoin::hash_digest,std::allocator<_Ty>>' needs to have dll-interface to be used by clients of struct 'libbitcoin::get_blocks_type'
                 with
                 [
                     _Ty=libbitcoin::hash_digest
                 ] (..\..\..\..\src\database\block_database.cpp)
     1>C:\Source\evoskuil\libbitcoin\include\bitcoin/bitcoin/primitives.hpp(143): warning C4251: 'libbitcoin::transaction_type::inputs' : class 'std::vector<libbitcoin::transaction_input_type,std::allocator<_Ty>>' needs to have dll-interface to be used by clients of struct 'libbitcoin::transaction_type'
                 with
                 [
                     _Ty=libbitcoin::transaction_input_type
                 ] (..\..\..\..\src\database\linked_records.cpp)
     1>C:\Source\evoskuil\libbitcoin\include\bitcoin/bitcoin/primitives.hpp(119): warning C4251: 'libbitcoin::select_outputs_result::points' : class 'std::vector<libbitcoin::input_point,std::allocator<_Ty>>' needs to have dll-interface to be used by clients of struct 'libbitcoin::select_outputs_result'
                 with
                 [
                     _Ty=libbitcoin::input_point
                 ] (..\..\..\..\src\database\multimap_records.cpp)
     1>C:\Source\evoskuil\libbitcoin\include\bitcoin/bitcoin/primitives.hpp(126): warning C4251: 'libbitcoin::transaction_input_type::script' : class 'libbitcoin::script_type' needs to have dll-interface to be used by clients of struct 'libbitcoin::transaction_input_type' (..\..\..\..\src\database\multimap_records.cpp)
                 C:\Source\evoskuil\libbitcoin\include\bitcoin/bitcoin/script.hpp(178) : see declaration of 'libbitcoin::script_type'
     1>C:\Source\evoskuil\libbitcoin\include\bitcoin/bitcoin/primitives.hpp(119): warning C4251: 'libbitcoin::select_outputs_result::points' : class 'std::vector<libbitcoin::input_point,std::allocator<_Ty>>' needs to have dll-interface to be used by clients of struct 'libbitcoin::select_outputs_result'
                 with
                 [
                     _Ty=libbitcoin::input_point
                 ] (..\..\..\..\src\database\record_allocator.cpp)
     1>C:\Source\evoskuil\libbitcoin\include\bitcoin/bitcoin/primitives.hpp(119): warning C4251: 'libbitcoin::select_outputs_result::points' : class 'std::vector<libbitcoin::input_point,std::allocator<_Ty>>' needs to have dll-interface to be used by clients of struct 'libbitcoin::select_outputs_result'
                 with
                 [
                     _Ty=libbitcoin::input_point
                 ] (..\..\..\..\src\database\history_scan_database.cpp)
     1>C:\Source\evoskuil\libbitcoin\include\bitcoin/bitcoin/primitives.hpp(126): warning C4251: 'libbitcoin::transaction_input_type::script' : class 'libbitcoin::script_type' needs to have dll-interface to be used by clients of struct 'libbitcoin::transaction_input_type' (..\..\..\..\src\database\record_allocator.cpp)
                 C:\Source\evoskuil\libbitcoin\include\bitcoin/bitcoin/script.hpp(178) : see declaration of 'libbitcoin::script_type'
     1>C:\Source\evoskuil\libbitcoin\include\bitcoin/bitcoin/primitives.hpp(126): warning C4251: 'libbitcoin::transaction_input_type::script' : class 'libbitcoin::script_type' needs to have dll-interface to be used by clients of struct 'libbitcoin::transaction_input_type' (..\..\..\..\src\database\history_scan_database.cpp)
                 C:\Source\evoskuil\libbitcoin\include\bitcoin/bitcoin/script.hpp(178) : see declaration of 'libbitcoin::script_type'
     1>C:\Source\evoskuil\libbitcoin\include\bitcoin/bitcoin/primitives.hpp(133): warning C4251: 'libbitcoin::transaction_output_type::script' : class 'libbitcoin::script_type' needs to have dll-interface to be used by clients of struct 'libbitcoin::transaction_output_type' (..\..\..\..\src\database\record_allocator.cpp)
                 C:\Source\evoskuil\libbitcoin\include\bitcoin/bitcoin/script.hpp(178) : see declaration of 'libbitcoin::script_type'
     1>C:\Source\evoskuil\libbitcoin\include\bitcoin/bitcoin/primitives.hpp(133): warning C4251: 'libbitcoin::transaction_output_type::script' : class 'libbitcoin::script_type' needs to have dll-interface to be used by clients of struct 'libbitcoin::transaction_output_type' (..\..\..\..\src\database\multimap_records.cpp)
                 C:\Source\evoskuil\libbitcoin\include\bitcoin/bitcoin/script.hpp(178) : see declaration of 'libbitcoin::script_type'
     1>C:\Source\evoskuil\libbitcoin\include\bitcoin/bitcoin/primitives.hpp(64): warning C4251: 'libbitcoin::header_type::command' : class 'std::basic_string<char,std::char_traits<char>,std::allocator<char>>' needs to have dll-interface to be used by clients of struct 'libbitcoin::header_type' (..\..\..\..\src\database\history_database.cpp)
     1>C:\Source\evoskuil\libbitcoin\include\bitcoin/bitcoin/primitives.hpp(78): warning C4251: 'libbitcoin::version_type::user_agent' : class 'std::basic_string<char,std::char_traits<char>,std::allocator<char>>' needs to have dll-interface to be used by clients of struct 'libbitcoin::version_type' (..\..\..\..\src\database\history_database.cpp)
     1>C:\Source\evoskuil\libbitcoin\include\bitcoin/bitcoin/primitives.hpp(119): warning C4251: 'libbitcoin::select_outputs_result::points' : class 'std::vector<libbitcoin::input_point,std::allocator<_Ty>>' needs to have dll-interface to be used by clients of struct 'libbitcoin::select_outputs_result'
                 with
                 [
                     _Ty=libbitcoin::input_point
                 ] (..\..\..\..\src\database\hsdb_shard.cpp)
     1>C:\Source\evoskuil\libbitcoin\include\bitcoin/bitcoin/primitives.hpp(126): warning C4251: 'libbitcoin::transaction_input_type::script' : class 'libbitcoin::script_type' needs to have dll-interface to be used by clients of struct 'libbitcoin::transaction_input_type' (..\..\..\..\src\database\hsdb_shard.cpp)
                 C:\Source\evoskuil\libbitcoin\include\bitcoin/bitcoin/script.hpp(178) : see declaration of 'libbitcoin::script_type'
     1>C:\Source\evoskuil\libbitcoin\include\bitcoin/bitcoin/primitives.hpp(133): warning C4251: 'libbitcoin::transaction_output_type::script' : class 'libbitcoin::script_type' needs to have dll-interface to be used by clients of struct 'libbitcoin::transaction_output_type' (..\..\..\..\src\database\hsdb_shard.cpp)
                 C:\Source\evoskuil\libbitcoin\include\bitcoin/bitcoin/script.hpp(178) : see declaration of 'libbitcoin::script_type'
     1>C:\Source\evoskuil\libbitcoin\include\bitcoin/bitcoin/primitives.hpp(144): warning C4251: 'libbitcoin::transaction_type::outputs' : class 'std::vector<libbitcoin::transaction_output_type,std::allocator<_Ty>>' needs to have dll-interface to be used by clients of struct 'libbitcoin::transaction_type'
                 with
                 [
                     _Ty=libbitcoin::transaction_output_type
                 ] (..\..\..\..\src\database\linked_records.cpp)
     1>C:\Source\evoskuil\libbitcoin\include\bitcoin/bitcoin/primitives.hpp(119): warning C4251: 'libbitcoin::select_outputs_result::points' : class 'std::vector<libbitcoin::input_point,std::allocator<_Ty>>' needs to have dll-interface to be used by clients of struct 'libbitcoin::select_outputs_result'
                 with
                 [
                     _Ty=libbitcoin::input_point
                 ] (..\..\..\..\src\database\block_database.cpp)
     1>C:\Source\evoskuil\libbitcoin\include\bitcoin/bitcoin/primitives.hpp(126): warning C4251: 'libbitcoin::transaction_input_type::script' : class 'libbitcoin::script_type' needs to have dll-interface to be used by clients of struct 'libbitcoin::transaction_input_type' (..\..\..\..\src\database\block_database.cpp)
                 C:\Source\evoskuil\libbitcoin\include\bitcoin/bitcoin/script.hpp(178) : see declaration of 'libbitcoin::script_type'
     1>C:\Source\evoskuil\libbitcoin\include\bitcoin/bitcoin/primitives.hpp(133): warning C4251: 'libbitcoin::transaction_output_type::script' : class 'libbitcoin::script_type' needs to have dll-interface to be used by clients of struct 'libbitcoin::transaction_output_type' (..\..\..\..\src\database\block_database.cpp)
                 C:\Source\evoskuil\libbitcoin\include\bitcoin/bitcoin/script.hpp(178) : see declaration of 'libbitcoin::script_type'
     1>C:\Source\evoskuil\libbitcoin\include\bitcoin/bitcoin/primitives.hpp(143): warning C4251: 'libbitcoin::transaction_type::inputs' : class 'std::vector<libbitcoin::transaction_input_type,std::allocator<_Ty>>' needs to have dll-interface to be used by clients of struct 'libbitcoin::transaction_type'
                 with
                 [
                     _Ty=libbitcoin::transaction_input_type
                 ] (..\..\..\..\src\database\multimap_records.cpp)
     1>C:\Source\evoskuil\libbitcoin\include\bitcoin/bitcoin/primitives.hpp(143): warning C4251: 'libbitcoin::transaction_type::inputs' : class 'std::vector<libbitcoin::transaction_input_type,std::allocator<_Ty>>' needs to have dll-interface to be used by clients of struct 'libbitcoin::transaction_type'
                 with
                 [
                     _Ty=libbitcoin::transaction_input_type
                 ] (..\..\..\..\src\database\record_allocator.cpp)
     1>C:\Source\evoskuil\libbitcoin\include\bitcoin/bitcoin/primitives.hpp(94): warning C4251: 'libbitcoin::get_blocks_type::start_hashes' : class 'std::vector<libbitcoin::hash_digest,std::allocator<_Ty>>' needs to have dll-interface to be used by clients of struct 'libbitcoin::get_blocks_type'
                 with
                 [
                     _Ty=libbitcoin::hash_digest
                 ] (..\..\..\..\src\database\history_database.cpp)
     1>C:\Source\evoskuil\libbitcoin\include\bitcoin/bitcoin/primitives.hpp(143): warning C4251: 'libbitcoin::transaction_type::inputs' : class 'std::vector<libbitcoin::transaction_input_type,std::allocator<_Ty>>' needs to have dll-interface to be used by clients of struct 'libbitcoin::transaction_type'
                 with
                 [
                     _Ty=libbitcoin::transaction_input_type
                 ] (..\..\..\..\src\database\hsdb_shard.cpp)
     1>C:\Source\evoskuil\libbitcoin\include\bitcoin/bitcoin/primitives.hpp(94): warning C4251: 'libbitcoin::get_blocks_type::start_hashes' : class 'std::vector<libbitcoin::hash_digest,std::allocator<_Ty>>' needs to have dll-interface to be used by clients of struct 'libbitcoin::get_blocks_type'
                 with
                 [
                     _Ty=libbitcoin::hash_digest
                 ] (..\..\..\..\src\database\hsdb_settings.cpp)
     1>C:\Source\evoskuil\libbitcoin\include\bitcoin/bitcoin/primitives.hpp(133): warning C4251: 'libbitcoin::transaction_output_type::script' : class 'libbitcoin::script_type' needs to have dll-interface to be used by clients of struct 'libbitcoin::transaction_output_type' (..\..\..\..\src\database\history_scan_database.cpp)
                 C:\Source\evoskuil\libbitcoin\include\bitcoin/bitcoin/script.hpp(178) : see declaration of 'libbitcoin::script_type'
     1>C:\Source\evoskuil\libbitcoin\include\bitcoin/bitcoin/primitives.hpp(161): warning C4251: 'libbitcoin::block_type::transactions' : class 'std::vector<libbitcoin::transaction_type,std::allocator<_Ty>>' needs to have dll-interface to be used by clients of struct 'libbitcoin::block_type'
                 with
                 [
                     _Ty=libbitcoin::transaction_type
                 ] (..\..\..\..\src\database\linked_records.cpp)
     1>C:\Source\evoskuil\libbitcoin\include\bitcoin/bitcoin/primitives.hpp(143): warning C4251: 'libbitcoin::transaction_type::inputs' : class 'std::vector<libbitcoin::transaction_input_type,std::allocator<_Ty>>' needs to have dll-interface to be used by clients of struct 'libbitcoin::transaction_type'
                 with
                 [
                     _Ty=libbitcoin::transaction_input_type
                 ] (..\..\..\..\src\database\block_database.cpp)
     1>C:\Source\evoskuil\libbitcoin\include\bitcoin/bitcoin/primitives.hpp(119): warning C4251: 'libbitcoin::select_outputs_result::points' : class 'std::vector<libbitcoin::input_point,std::allocator<_Ty>>' needs to have dll-interface to be used by clients of struct 'libbitcoin::select_outputs_result'
                 with
                 [
                     _Ty=libbitcoin::input_point
                 ] (..\..\..\..\src\database\history_database.cpp)
     1>C:\Source\evoskuil\libbitcoin\include\bitcoin/bitcoin/primitives.hpp(126): warning C4251: 'libbitcoin::transaction_input_type::script' : class 'libbitcoin::script_type' needs to have dll-interface to be used by clients of struct 'libbitcoin::transaction_input_type' (..\..\..\..\src\database\history_database.cpp)
                 C:\Source\evoskuil\libbitcoin\include\bitcoin/bitcoin/script.hpp(178) : see declaration of 'libbitcoin::script_type'
     1>C:\Source\evoskuil\libbitcoin\include\bitcoin/bitcoin/primitives.hpp(133): warning C4251: 'libbitcoin::transaction_output_type::script' : class 'libbitcoin::script_type' needs to have dll-interface to be used by clients of struct 'libbitcoin::transaction_output_type' (..\..\..\..\src\database\history_database.cpp)
                 C:\Source\evoskuil\libbitcoin\include\bitcoin/bitcoin/script.hpp(178) : see declaration of 'libbitcoin::script_type'
     1>C:\Source\evoskuil\libbitcoin\include\bitcoin/bitcoin/primitives.hpp(144): warning C4251: 'libbitcoin::transaction_type::outputs' : class 'std::vector<libbitcoin::transaction_output_type,std::allocator<_Ty>>' needs to have dll-interface to be used by clients of struct 'libbitcoin::transaction_type'
                 with
                 [
                     _Ty=libbitcoin::transaction_output_type
                 ] (..\..\..\..\src\database\multimap_records.cpp)
     1>C:\Source\evoskuil\libbitcoin\include\bitcoin/bitcoin/primitives.hpp(144): warning C4251: 'libbitcoin::transaction_type::outputs' : class 'std::vector<libbitcoin::transaction_output_type,std::allocator<_Ty>>' needs to have dll-interface to be used by clients of struct 'libbitcoin::transaction_type'
                 with
                 [
                     _Ty=libbitcoin::transaction_output_type
                 ] (..\..\..\..\src\database\record_allocator.cpp)
     1>C:\Source\evoskuil\libbitcoin\include\bitcoin/bitcoin/primitives.hpp(143): warning C4251: 'libbitcoin::transaction_type::inputs' : class 'std::vector<libbitcoin::transaction_input_type,std::allocator<_Ty>>' needs to have dll-interface to be used by clients of struct 'libbitcoin::transaction_type'
                 with
                 [
                     _Ty=libbitcoin::transaction_input_type
                 ] (..\..\..\..\src\database\history_scan_database.cpp)
     1>C:\Source\evoskuil\libbitcoin\include\bitcoin/bitcoin/primitives.hpp(168): warning C4251: 'libbitcoin::address_type::addresses' : class 'std::vector<libbitcoin::network_address_type,std::allocator<_Ty>>' needs to have dll-interface to be used by clients of struct 'libbitcoin::address_type'
                 with
                 [
                     _Ty=libbitcoin::network_address_type
                 ] (..\..\..\..\src\database\linked_records.cpp)
     1>C:\Source\evoskuil\libbitcoin\include\bitcoin/bitcoin/primitives.hpp(144): warning C4251: 'libbitcoin::transaction_type::outputs' : class 'std::vector<libbitcoin::transaction_output_type,std::allocator<_Ty>>' needs to have dll-interface to be used by clients of struct 'libbitcoin::transaction_type'
                 with
                 [
                     _Ty=libbitcoin::transaction_output_type
                 ] (..\..\..\..\src\database\block_database.cpp)
     1>C:\Source\evoskuil\libbitcoin\include\bitcoin/bitcoin/primitives.hpp(119): warning C4251: 'libbitcoin::select_outputs_result::points' : class 'std::vector<libbitcoin::input_point,std::allocator<_Ty>>' needs to have dll-interface to be used by clients of struct 'libbitcoin::select_outputs_result'
                 with
                 [
                     _Ty=libbitcoin::input_point
                 ] (..\..\..\..\src\database\hsdb_settings.cpp)
     1>C:\Source\evoskuil\libbitcoin\include\bitcoin/bitcoin/primitives.hpp(126): warning C4251: 'libbitcoin::transaction_input_type::script' : class 'libbitcoin::script_type' needs to have dll-interface to be used by clients of struct 'libbitcoin::transaction_input_type' (..\..\..\..\src\database\hsdb_settings.cpp)
                 C:\Source\evoskuil\libbitcoin\include\bitcoin/bitcoin/script.hpp(178) : see declaration of 'libbitcoin::script_type'
     1>C:\Source\evoskuil\libbitcoin\include\bitcoin/bitcoin/primitives.hpp(143): warning C4251: 'libbitcoin::transaction_type::inputs' : class 'std::vector<libbitcoin::transaction_input_type,std::allocator<_Ty>>' needs to have dll-interface to be used by clients of struct 'libbitcoin::transaction_type'
                 with
                 [
                     _Ty=libbitcoin::transaction_input_type
                 ] (..\..\..\..\src\database\history_database.cpp)
     1>C:\Source\evoskuil\libbitcoin\include\bitcoin/bitcoin/primitives.hpp(133): warning C4251: 'libbitcoin::transaction_output_type::script' : class 'libbitcoin::script_type' needs to have dll-interface to be used by clients of struct 'libbitcoin::transaction_output_type' (..\..\..\..\src\database\hsdb_settings.cpp)
                 C:\Source\evoskuil\libbitcoin\include\bitcoin/bitcoin/script.hpp(178) : see declaration of 'libbitcoin::script_type'
     1>C:\Source\evoskuil\libbitcoin\include\bitcoin/bitcoin/primitives.hpp(161): warning C4251: 'libbitcoin::block_type::transactions' : class 'std::vector<libbitcoin::transaction_type,std::allocator<_Ty>>' needs to have dll-interface to be used by clients of struct 'libbitcoin::block_type'
                 with
                 [
                     _Ty=libbitcoin::transaction_type
                 ] (..\..\..\..\src\database\record_allocator.cpp)
     1>C:\Source\evoskuil\libbitcoin\include\bitcoin/bitcoin/primitives.hpp(144): warning C4251: 'libbitcoin::transaction_type::outputs' : class 'std::vector<libbitcoin::transaction_output_type,std::allocator<_Ty>>' needs to have dll-interface to be used by clients of struct 'libbitcoin::transaction_type'
                 with
                 [
                     _Ty=libbitcoin::transaction_output_type
                 ] (..\..\..\..\src\database\hsdb_shard.cpp)
     1>C:\Source\evoskuil\libbitcoin\include\bitcoin/bitcoin/primitives.hpp(161): warning C4251: 'libbitcoin::block_type::transactions' : class 'std::vector<libbitcoin::transaction_type,std::allocator<_Ty>>' needs to have dll-interface to be used by clients of struct 'libbitcoin::block_type'
                 with
                 [
                     _Ty=libbitcoin::transaction_type
                 ] (..\..\..\..\src\database\multimap_records.cpp)
     1>C:\Source\evoskuil\libbitcoin\include\bitcoin/bitcoin/primitives.hpp(161): warning C4251: 'libbitcoin::block_type::transactions' : class 'std::vector<libbitcoin::transaction_type,std::allocator<_Ty>>' needs to have dll-interface to be used by clients of struct 'libbitcoin::block_type'
                 with
                 [
                     _Ty=libbitcoin::transaction_type
                 ] (..\..\..\..\src\database\block_database.cpp)
     1>C:\Source\evoskuil\libbitcoin\include\bitcoin/bitcoin/primitives.hpp(144): warning C4251: 'libbitcoin::transaction_type::outputs' : class 'std::vector<libbitcoin::transaction_output_type,std::allocator<_Ty>>' needs to have dll-interface to be used by clients of struct 'libbitcoin::transaction_type'
                 with
                 [
                     _Ty=libbitcoin::transaction_output_type
                 ] (..\..\..\..\src\database\history_scan_database.cpp)
     1>C:\Source\evoskuil\libbitcoin\include\bitcoin/bitcoin/primitives.hpp(143): warning C4251: 'libbitcoin::transaction_type::inputs' : class 'std::vector<libbitcoin::transaction_input_type,std::allocator<_Ty>>' needs to have dll-interface to be used by clients of struct 'libbitcoin::transaction_type'
                 with
                 [
                     _Ty=libbitcoin::transaction_input_type
                 ] (..\..\..\..\src\database\hsdb_settings.cpp)
     1>C:\Source\evoskuil\libbitcoin\include\bitcoin/bitcoin/primitives.hpp(173): warning C4251: 'libbitcoin::get_data_type::inventories' : class 'std::vector<libbitcoin::inventory_vector_type,std::allocator<_Ty>>' needs to have dll-interface to be used by clients of struct 'libbitcoin::get_data_type'
                 with
                 [
                     _Ty=libbitcoin::inventory_vector_type
                 ] (..\..\..\..\src\database\linked_records.cpp)
     1>C:\Source\evoskuil\libbitcoin\include\bitcoin/bitcoin/primitives.hpp(178): warning C4251: 'libbitcoin::inventory_type::inventories' : class 'std::vector<libbitcoin::inventory_vector_type,std::allocator<_Ty>>' needs to have dll-interface to be used by clients of struct 'libbitcoin::inventory_type'
                 with
                 [
                     _Ty=libbitcoin::inventory_vector_type
                 ] (..\..\..\..\src\database\linked_records.cpp)
     1>C:\Source\evoskuil\libbitcoin\include\bitcoin/bitcoin/primitives.hpp(168): warning C4251: 'libbitcoin::address_type::addresses' : class 'std::vector<libbitcoin::network_address_type,std::allocator<_Ty>>' needs to have dll-interface to be used by clients of struct 'libbitcoin::address_type'
                 with
                 [
                     _Ty=libbitcoin::network_address_type
                 ] (..\..\..\..\src\database\record_allocator.cpp)
     1>C:\Source\evoskuil\libbitcoin\include\bitcoin/bitcoin/primitives.hpp(161): warning C4251: 'libbitcoin::block_type::transactions' : class 'std::vector<libbitcoin::transaction_type,std::allocator<_Ty>>' needs to have dll-interface to be used by clients of struct 'libbitcoin::block_type'
                 with
                 [
                     _Ty=libbitcoin::transaction_type
                 ] (..\..\..\..\src\database\hsdb_shard.cpp)
     1>C:\Source\evoskuil\libbitcoin\include\bitcoin/bitcoin/primitives.hpp(168): warning C4251: 'libbitcoin::address_type::addresses' : class 'std::vector<libbitcoin::network_address_type,std::allocator<_Ty>>' needs to have dll-interface to be used by clients of struct 'libbitcoin::address_type'
                 with
                 [
                     _Ty=libbitcoin::network_address_type
                 ] (..\..\..\..\src\database\multimap_records.cpp)
     1>C:\Source\evoskuil\libbitcoin\include\bitcoin/bitcoin/primitives.hpp(168): warning C4251: 'libbitcoin::address_type::addresses' : class 'std::vector<libbitcoin::network_address_type,std::allocator<_Ty>>' needs to have dll-interface to be used by clients of struct 'libbitcoin::address_type'
                 with
                 [
                     _Ty=libbitcoin::network_address_type
                 ] (..\..\..\..\src\database\block_database.cpp)
     1>C:\Source\evoskuil\libbitcoin\include\bitcoin/bitcoin/primitives.hpp(144): warning C4251: 'libbitcoin::transaction_type::outputs' : class 'std::vector<libbitcoin::transaction_output_type,std::allocator<_Ty>>' needs to have dll-interface to be used by clients of struct 'libbitcoin::transaction_type'
                 with
                 [
                     _Ty=libbitcoin::transaction_output_type
                 ] (..\..\..\..\src\database\history_database.cpp)
     1>C:\Source\evoskuil\libbitcoin\include\bitcoin/bitcoin/primitives.hpp(161): warning C4251: 'libbitcoin::block_type::transactions' : class 'std::vector<libbitcoin::transaction_type,std::allocator<_Ty>>' needs to have dll-interface to be used by clients of struct 'libbitcoin::block_type'
                 with
                 [
                     _Ty=libbitcoin::transaction_type
                 ] (..\..\..\..\src\database\history_scan_database.cpp)
     1>C:\Source\evoskuil\libbitcoin\include\bitcoin/bitcoin/primitives.hpp(173): warning C4251: 'libbitcoin::get_data_type::inventories' : class 'std::vector<libbitcoin::inventory_vector_type,std::allocator<_Ty>>' needs to have dll-interface to be used by clients of struct 'libbitcoin::get_data_type'
                 with
                 [
                     _Ty=libbitcoin::inventory_vector_type
                 ] (..\..\..\..\src\database\record_allocator.cpp)
     1>C:\Source\evoskuil\libbitcoin\include\bitcoin/bitcoin/primitives.hpp(178): warning C4251: 'libbitcoin::inventory_type::inventories' : class 'std::vector<libbitcoin::inventory_vector_type,std::allocator<_Ty>>' needs to have dll-interface to be used by clients of struct 'libbitcoin::inventory_type'
                 with
                 [
                     _Ty=libbitcoin::inventory_vector_type
                 ] (..\..\..\..\src\database\record_allocator.cpp)
     1>C:\Source\evoskuil\libbitcoin\include\bitcoin/bitcoin/primitives.hpp(173): warning C4251: 'libbitcoin::get_data_type::inventories' : class 'std::vector<libbitcoin::inventory_vector_type,std::allocator<_Ty>>' needs to have dll-interface to be used by clients of struct 'libbitcoin::get_data_type'
                 with
                 [
                     _Ty=libbitcoin::inventory_vector_type
                 ] (..\..\..\..\src\database\multimap_records.cpp)
     1>C:\Source\evoskuil\libbitcoin\include\bitcoin/bitcoin/primitives.hpp(168): warning C4251: 'libbitcoin::address_type::addresses' : class 'std::vector<libbitcoin::network_address_type,std::allocator<_Ty>>' needs to have dll-interface to be used by clients of struct 'libbitcoin::address_type'
                 with
                 [
                     _Ty=libbitcoin::network_address_type
                 ] (..\..\..\..\src\database\hsdb_shard.cpp)
     1>C:\Source\evoskuil\libbitcoin\include\bitcoin/bitcoin/primitives.hpp(178): warning C4251: 'libbitcoin::inventory_type::inventories' : class 'std::vector<libbitcoin::inventory_vector_type,std::allocator<_Ty>>' needs to have dll-interface to be used by clients of struct 'libbitcoin::inventory_type'
                 with
                 [
                     _Ty=libbitcoin::inventory_vector_type
                 ] (..\..\..\..\src\database\multimap_records.cpp)
     1>C:\Source\evoskuil\libbitcoin\include\bitcoin/bitcoin/primitives.hpp(173): warning C4251: 'libbitcoin::get_data_type::inventories' : class 'std::vector<libbitcoin::inventory_vector_type,std::allocator<_Ty>>' needs to have dll-interface to be used by clients of struct 'libbitcoin::get_data_type'
                 with
                 [
                     _Ty=libbitcoin::inventory_vector_type
                 ] (..\..\..\..\src\database\block_database.cpp)
     1>C:\Source\evoskuil\libbitcoin\include\bitcoin/bitcoin/primitives.hpp(144): warning C4251: 'libbitcoin::transaction_type::outputs' : class 'std::vector<libbitcoin::transaction_output_type,std::allocator<_Ty>>' needs to have dll-interface to be used by clients of struct 'libbitcoin::transaction_type'
                 with
                 [
                     _Ty=libbitcoin::transaction_output_type
                 ] (..\..\..\..\src\database\hsdb_settings.cpp)
     1>C:\Source\evoskuil\libbitcoin\include\bitcoin/bitcoin/primitives.hpp(161): warning C4251: 'libbitcoin::block_type::transactions' : class 'std::vector<libbitcoin::transaction_type,std::allocator<_Ty>>' needs to have dll-interface to be used by clients of struct 'libbitcoin::block_type'
                 with
                 [
                     _Ty=libbitcoin::transaction_type
                 ] (..\..\..\..\src\database\history_database.cpp)
     1>C:\Source\evoskuil\libbitcoin\include\bitcoin/bitcoin/primitives.hpp(178): warning C4251: 'libbitcoin::inventory_type::inventories' : class 'std::vector<libbitcoin::inventory_vector_type,std::allocator<_Ty>>' needs to have dll-interface to be used by clients of struct 'libbitcoin::inventory_type'
                 with
                 [
                     _Ty=libbitcoin::inventory_vector_type
                 ] (..\..\..\..\src\database\block_database.cpp)
     1>C:\Source\evoskuil\libbitcoin\include\bitcoin/bitcoin/primitives.hpp(168): warning C4251: 'libbitcoin::address_type::addresses' : class 'std::vector<libbitcoin::network_address_type,std::allocator<_Ty>>' needs to have dll-interface to be used by clients of struct 'libbitcoin::address_type'
                 with
                 [
                     _Ty=libbitcoin::network_address_type
                 ] (..\..\..\..\src\database\history_scan_database.cpp)
     1>C:\Source\evoskuil\libbitcoin\include\bitcoin/bitcoin/primitives.hpp(161): warning C4251: 'libbitcoin::block_type::transactions' : class 'std::vector<libbitcoin::transaction_type,std::allocator<_Ty>>' needs to have dll-interface to be used by clients of struct 'libbitcoin::block_type'
                 with
                 [
                     _Ty=libbitcoin::transaction_type
                 ] (..\..\..\..\src\database\hsdb_settings.cpp)
     1>C:\Source\evoskuil\libbitcoin\include\bitcoin/bitcoin/primitives.hpp(168): warning C4251: 'libbitcoin::address_type::addresses' : class 'std::vector<libbitcoin::network_address_type,std::allocator<_Ty>>' needs to have dll-interface to be used by clients of struct 'libbitcoin::address_type'
                 with
                 [
                     _Ty=libbitcoin::network_address_type
                 ] (..\..\..\..\src\database\history_database.cpp)
     1>C:\Source\evoskuil\libbitcoin\include\bitcoin/bitcoin/primitives.hpp(173): warning C4251: 'libbitcoin::get_data_type::inventories' : class 'std::vector<libbitcoin::inventory_vector_type,std::allocator<_Ty>>' needs to have dll-interface to be used by clients of struct 'libbitcoin::get_data_type'
                 with
                 [
                     _Ty=libbitcoin::inventory_vector_type
                 ] (..\..\..\..\src\database\hsdb_shard.cpp)
     1>C:\Source\evoskuil\libbitcoin\include\bitcoin/bitcoin/primitives.hpp(178): warning C4251: 'libbitcoin::inventory_type::inventories' : class 'std::vector<libbitcoin::inventory_vector_type,std::allocator<_Ty>>' needs to have dll-interface to be used by clients of struct 'libbitcoin::inventory_type'
                 with
                 [
                     _Ty=libbitcoin::inventory_vector_type
                 ] (..\..\..\..\src\database\hsdb_shard.cpp)
     1>C:\Source\evoskuil\libbitcoin\include\bitcoin/bitcoin/primitives.hpp(173): warning C4251: 'libbitcoin::get_data_type::inventories' : class 'std::vector<libbitcoin::inventory_vector_type,std::allocator<_Ty>>' needs to have dll-interface to be used by clients of struct 'libbitcoin::get_data_type'
                 with
                 [
                     _Ty=libbitcoin::inventory_vector_type
                 ] (..\..\..\..\src\database\history_scan_database.cpp)
     1>C:\Source\evoskuil\libbitcoin\include\bitcoin/bitcoin/primitives.hpp(178): warning C4251: 'libbitcoin::inventory_type::inventories' : class 'std::vector<libbitcoin::inventory_vector_type,std::allocator<_Ty>>' needs to have dll-interface to be used by clients of struct 'libbitcoin::inventory_type'
                 with
                 [
                     _Ty=libbitcoin::inventory_vector_type
                 ] (..\..\..\..\src\database\history_scan_database.cpp)
     1>C:\Source\evoskuil\libbitcoin\include\bitcoin/bitcoin/primitives.hpp(168): warning C4251: 'libbitcoin::address_type::addresses' : class 'std::vector<libbitcoin::network_address_type,std::allocator<_Ty>>' needs to have dll-interface to be used by clients of struct 'libbitcoin::address_type'
                 with
                 [
                     _Ty=libbitcoin::network_address_type
                 ] (..\..\..\..\src\database\hsdb_settings.cpp)
     1>C:\Source\evoskuil\libbitcoin\include\bitcoin/bitcoin/primitives.hpp(173): warning C4251: 'libbitcoin::get_data_type::inventories' : class 'std::vector<libbitcoin::inventory_vector_type,std::allocator<_Ty>>' needs to have dll-interface to be used by clients of struct 'libbitcoin::get_data_type'
                 with
                 [
                     _Ty=libbitcoin::inventory_vector_type
                 ] (..\..\..\..\src\database\history_database.cpp)
     1>C:\Source\evoskuil\libbitcoin\include\bitcoin/bitcoin/primitives.hpp(178): warning C4251: 'libbitcoin::inventory_type::inventories' : class 'std::vector<libbitcoin::inventory_vector_type,std::allocator<_Ty>>' needs to have dll-interface to be used by clients of struct 'libbitcoin::inventory_type'
                 with
                 [
                     _Ty=libbitcoin::inventory_vector_type
                 ] (..\..\..\..\src\database\history_database.cpp)
     1>C:\Source\evoskuil\libbitcoin\include\bitcoin/bitcoin/utility/hash_number.hpp(67): error C2375: 'libbitcoin::operator >' : redefinition; different linkage (..\..\..\..\src\database\linked_records.cpp)
                 C:\Source\evoskuil\libbitcoin\include\bitcoin/bitcoin/utility/hash_number.hpp(52) : see declaration of 'libbitcoin::operator >'
     1>C:\Source\evoskuil\libbitcoin\include\bitcoin/bitcoin/utility/hash_number.hpp(69): error C2375: 'libbitcoin::operator <=' : redefinition; different linkage (..\..\..\..\src\database\linked_records.cpp)
                 C:\Source\evoskuil\libbitcoin\include\bitcoin/bitcoin/utility/hash_number.hpp(54) : see declaration of 'libbitcoin::operator <='
     1>C:\Source\evoskuil\libbitcoin\include\bitcoin/bitcoin/utility/hash_number.hpp(71): error C2375: 'libbitcoin::operator <<' : redefinition; different linkage (..\..\..\..\src\database\linked_records.cpp)
                 C:\Source\evoskuil\libbitcoin\include\bitcoin/bitcoin/utility/hash_number.hpp(56) : see declaration of 'libbitcoin::operator <<'
     1>C:\Source\evoskuil\libbitcoin\include\bitcoin/bitcoin/utility/hash_number.hpp(73): error C2375: 'libbitcoin::operator /' : redefinition; different linkage (..\..\..\..\src\database\linked_records.cpp)
                 C:\Source\evoskuil\libbitcoin\include\bitcoin/bitcoin/utility/hash_number.hpp(58) : see declaration of 'libbitcoin::operator /'
     1>C:\Source\evoskuil\libbitcoin\include\bitcoin/bitcoin/utility/hash_number.hpp(75): error C2375: 'libbitcoin::operator +' : redefinition; different linkage (..\..\..\..\src\database\linked_records.cpp)
                 C:\Source\evoskuil\libbitcoin\include\bitcoin/bitcoin/utility/hash_number.hpp(60) : see declaration of 'libbitcoin::operator +'
     1>C:\Source\evoskuil\libbitcoin\include\bitcoin/bitcoin/primitives.hpp(173): warning C4251: 'libbitcoin::get_data_type::inventories' : class 'std::vector<libbitcoin::inventory_vector_type,std::allocator<_Ty>>' needs to have dll-interface to be used by clients of struct 'libbitcoin::get_data_type'
                 with
                 [
                     _Ty=libbitcoin::inventory_vector_type
                 ] (..\..\..\..\src\database\hsdb_settings.cpp)
     1>C:\Source\evoskuil\libbitcoin\include\bitcoin/bitcoin/primitives.hpp(178): warning C4251: 'libbitcoin::inventory_type::inventories' : class 'std::vector<libbitcoin::inventory_vector_type,std::allocator<_Ty>>' needs to have dll-interface to be used by clients of struct 'libbitcoin::inventory_type'
                 with
                 [
                     _Ty=libbitcoin::inventory_vector_type
                 ] (..\..\..\..\src\database\hsdb_settings.cpp)
     1>C:\Source\evoskuil\libbitcoin\include\bitcoin/bitcoin/utility/hash_number.hpp(67): error C2375: 'libbitcoin::operator >' : redefinition; different linkage (..\..\..\..\src\database\record_allocator.cpp)
                 C:\Source\evoskuil\libbitcoin\include\bitcoin/bitcoin/utility/hash_number.hpp(52) : see declaration of 'libbitcoin::operator >'
     1>C:\Source\evoskuil\libbitcoin\include\bitcoin/bitcoin/utility/hash_number.hpp(67): error C2375: 'libbitcoin::operator >' : redefinition; different linkage (..\..\..\..\src\database\multimap_records.cpp)
                 C:\Source\evoskuil\libbitcoin\include\bitcoin/bitcoin/utility/hash_number.hpp(52) : see declaration of 'libbitcoin::operator >'
     1>C:\Source\evoskuil\libbitcoin\include\bitcoin/bitcoin/utility/hash_number.hpp(69): error C2375: 'libbitcoin::operator <=' : redefinition; different linkage (..\..\..\..\src\database\record_allocator.cpp)
                 C:\Source\evoskuil\libbitcoin\include\bitcoin/bitcoin/utility/hash_number.hpp(54) : see declaration of 'libbitcoin::operator <='
     1>C:\Source\evoskuil\libbitcoin\include\bitcoin/bitcoin/utility/hash_number.hpp(69): error C2375: 'libbitcoin::operator <=' : redefinition; different linkage (..\..\..\..\src\database\multimap_records.cpp)
                 C:\Source\evoskuil\libbitcoin\include\bitcoin/bitcoin/utility/hash_number.hpp(54) : see declaration of 'libbitcoin::operator <='
     1>C:\Source\evoskuil\libbitcoin\include\bitcoin/bitcoin/utility/hash_number.hpp(71): error C2375: 'libbitcoin::operator <<' : redefinition; different linkage (..\..\..\..\src\database\record_allocator.cpp)
                 C:\Source\evoskuil\libbitcoin\include\bitcoin/bitcoin/utility/hash_number.hpp(56) : see declaration of 'libbitcoin::operator <<'
     1>C:\Source\evoskuil\libbitcoin\include\bitcoin/bitcoin/utility/hash_number.hpp(71): error C2375: 'libbitcoin::operator <<' : redefinition; different linkage (..\..\..\..\src\database\multimap_records.cpp)
                 C:\Source\evoskuil\libbitcoin\include\bitcoin/bitcoin/utility/hash_number.hpp(56) : see declaration of 'libbitcoin::operator <<'
     1>C:\Source\evoskuil\libbitcoin\include\bitcoin/bitcoin/utility/hash_number.hpp(73): error C2375: 'libbitcoin::operator /' : redefinition; different linkage (..\..\..\..\src\database\record_allocator.cpp)
                 C:\Source\evoskuil\libbitcoin\include\bitcoin/bitcoin/utility/hash_number.hpp(58) : see declaration of 'libbitcoin::operator /'
     1>C:\Source\evoskuil\libbitcoin\include\bitcoin/bitcoin/utility/hash_number.hpp(73): error C2375: 'libbitcoin::operator /' : redefinition; different linkage (..\..\..\..\src\database\multimap_records.cpp)
                 C:\Source\evoskuil\libbitcoin\include\bitcoin/bitcoin/utility/hash_number.hpp(58) : see declaration of 'libbitcoin::operator /'
     1>C:\Source\evoskuil\libbitcoin\include\bitcoin/bitcoin/utility/hash_number.hpp(75): error C2375: 'libbitcoin::operator +' : redefinition; different linkage (..\..\..\..\src\database\record_allocator.cpp)
                 C:\Source\evoskuil\libbitcoin\include\bitcoin/bitcoin/utility/hash_number.hpp(60) : see declaration of 'libbitcoin::operator +'
     1>C:\Source\evoskuil\libbitcoin\include\bitcoin/bitcoin/utility/hash_number.hpp(75): error C2375: 'libbitcoin::operator +' : redefinition; different linkage (..\..\..\..\src\database\multimap_records.cpp)
                 C:\Source\evoskuil\libbitcoin\include\bitcoin/bitcoin/utility/hash_number.hpp(60) : see declaration of 'libbitcoin::operator +'
     1>C:\Source\evoskuil\libbitcoin\include\bitcoin/bitcoin/utility/hash_number.hpp(67): error C2375: 'libbitcoin::operator >' : redefinition; different linkage (..\..\..\..\src\database\block_database.cpp)
                 C:\Source\evoskuil\libbitcoin\include\bitcoin/bitcoin/utility/hash_number.hpp(52) : see declaration of 'libbitcoin::operator >'
     1>C:\Source\evoskuil\libbitcoin\include\bitcoin/bitcoin/utility/hash_number.hpp(69): error C2375: 'libbitcoin::operator <=' : redefinition; different linkage (..\..\..\..\src\database\block_database.cpp)
                 C:\Source\evoskuil\libbitcoin\include\bitcoin/bitcoin/utility/hash_number.hpp(54) : see declaration of 'libbitcoin::operator <='
     1>C:\Source\evoskuil\libbitcoin\include\bitcoin/bitcoin/utility/hash_number.hpp(71): error C2375: 'libbitcoin::operator <<' : redefinition; different linkage (..\..\..\..\src\database\block_database.cpp)
                 C:\Source\evoskuil\libbitcoin\include\bitcoin/bitcoin/utility/hash_number.hpp(56) : see declaration of 'libbitcoin::operator <<'
     1>C:\Source\evoskuil\libbitcoin\include\bitcoin/bitcoin/utility/hash_number.hpp(73): error C2375: 'libbitcoin::operator /' : redefinition; different linkage (..\..\..\..\src\database\block_database.cpp)
                 C:\Source\evoskuil\libbitcoin\include\bitcoin/bitcoin/utility/hash_number.hpp(58) : see declaration of 'libbitcoin::operator /'
     1>C:\Source\evoskuil\libbitcoin\include\bitcoin/bitcoin/utility/hash_number.hpp(75): error C2375: 'libbitcoin::operator +' : redefinition; different linkage (..\..\..\..\src\database\block_database.cpp)
                 C:\Source\evoskuil\libbitcoin\include\bitcoin/bitcoin/utility/hash_number.hpp(60) : see declaration of 'libbitcoin::operator +'
     1>C:\Source\evoskuil\libbitcoin\include\bitcoin/bitcoin/utility/hash_number.hpp(67): error C2375: 'libbitcoin::operator >' : redefinition; different linkage (..\..\..\..\src\database\hsdb_shard.cpp)
                 C:\Source\evoskuil\libbitcoin\include\bitcoin/bitcoin/utility/hash_number.hpp(52) : see declaration of 'libbitcoin::operator >'
     1>C:\Source\evoskuil\libbitcoin\include\bitcoin/bitcoin/utility/hash_number.hpp(69): error C2375: 'libbitcoin::operator <=' : redefinition; different linkage (..\..\..\..\src\database\hsdb_shard.cpp)
                 C:\Source\evoskuil\libbitcoin\include\bitcoin/bitcoin/utility/hash_number.hpp(54) : see declaration of 'libbitcoin::operator <='
     1>C:\Source\evoskuil\libbitcoin\include\bitcoin/bitcoin/utility/hash_number.hpp(71): error C2375: 'libbitcoin::operator <<' : redefinition; different linkage (..\..\..\..\src\database\hsdb_shard.cpp)
                 C:\Source\evoskuil\libbitcoin\include\bitcoin/bitcoin/utility/hash_number.hpp(56) : see declaration of 'libbitcoin::operator <<'
     1>C:\Source\evoskuil\libbitcoin\include\bitcoin/bitcoin/utility/hash_number.hpp(73): error C2375: 'libbitcoin::operator /' : redefinition; different linkage (..\..\..\..\src\database\hsdb_shard.cpp)
                 C:\Source\evoskuil\libbitcoin\include\bitcoin/bitcoin/utility/hash_number.hpp(58) : see declaration of 'libbitcoin::operator /'
     1>C:\Source\evoskuil\libbitcoin\include\bitcoin/bitcoin/utility/hash_number.hpp(75): error C2375: 'libbitcoin::operator +' : redefinition; different linkage (..\..\..\..\src\database\hsdb_shard.cpp)
                 C:\Source\evoskuil\libbitcoin\include\bitcoin/bitcoin/utility/hash_number.hpp(60) : see declaration of 'libbitcoin::operator +'
     1>C:\Source\evoskuil\libbitcoin\include\bitcoin/bitcoin/utility/hash_number.hpp(67): error C2375: 'libbitcoin::operator >' : redefinition; different linkage (..\..\..\..\src\database\history_scan_database.cpp)
                 C:\Source\evoskuil\libbitcoin\include\bitcoin/bitcoin/utility/hash_number.hpp(52) : see declaration of 'libbitcoin::operator >'
     1>C:\Source\evoskuil\libbitcoin\include\bitcoin/bitcoin/utility/hash_number.hpp(69): error C2375: 'libbitcoin::operator <=' : redefinition; different linkage (..\..\..\..\src\database\history_scan_database.cpp)
                 C:\Source\evoskuil\libbitcoin\include\bitcoin/bitcoin/utility/hash_number.hpp(54) : see declaration of 'libbitcoin::operator <='
     1>C:\Source\evoskuil\libbitcoin\include\bitcoin/bitcoin/utility/hash_number.hpp(71): error C2375: 'libbitcoin::operator <<' : redefinition; different linkage (..\..\..\..\src\database\history_scan_database.cpp)
                 C:\Source\evoskuil\libbitcoin\include\bitcoin/bitcoin/utility/hash_number.hpp(56) : see declaration of 'libbitcoin::operator <<'
     1>C:\Source\evoskuil\libbitcoin\include\bitcoin/bitcoin/utility/hash_number.hpp(73): error C2375: 'libbitcoin::operator /' : redefinition; different linkage (..\..\..\..\src\database\history_scan_database.cpp)
                 C:\Source\evoskuil\libbitcoin\include\bitcoin/bitcoin/utility/hash_number.hpp(58) : see declaration of 'libbitcoin::operator /'
     1>C:\Source\evoskuil\libbitcoin\include\bitcoin/bitcoin/utility/hash_number.hpp(75): error C2375: 'libbitcoin::operator +' : redefinition; different linkage (..\..\..\..\src\database\history_scan_database.cpp)
                 C:\Source\evoskuil\libbitcoin\include\bitcoin/bitcoin/utility/hash_number.hpp(60) : see declaration of 'libbitcoin::operator +'
     1>C:\Source\evoskuil\libbitcoin\include\bitcoin/bitcoin/utility/hash_number.hpp(67): error C2375: 'libbitcoin::operator >' : redefinition; different linkage (..\..\..\..\src\database\history_database.cpp)
                 C:\Source\evoskuil\libbitcoin\include\bitcoin/bitcoin/utility/hash_number.hpp(52) : see declaration of 'libbitcoin::operator >'
     1>C:\Source\evoskuil\libbitcoin\include\bitcoin/bitcoin/utility/hash_number.hpp(69): error C2375: 'libbitcoin::operator <=' : redefinition; different linkage (..\..\..\..\src\database\history_database.cpp)
                 C:\Source\evoskuil\libbitcoin\include\bitcoin/bitcoin/utility/hash_number.hpp(54) : see declaration of 'libbitcoin::operator <='
     1>C:\Source\evoskuil\libbitcoin\include\bitcoin/bitcoin/utility/hash_number.hpp(71): error C2375: 'libbitcoin::operator <<' : redefinition; different linkage (..\..\..\..\src\database\history_database.cpp)
                 C:\Source\evoskuil\libbitcoin\include\bitcoin/bitcoin/utility/hash_number.hpp(56) : see declaration of 'libbitcoin::operator <<'
     1>C:\Source\evoskuil\libbitcoin\include\bitcoin/bitcoin/utility/hash_number.hpp(73): error C2375: 'libbitcoin::operator /' : redefinition; different linkage (..\..\..\..\src\database\history_database.cpp)
                 C:\Source\evoskuil\libbitcoin\include\bitcoin/bitcoin/utility/hash_number.hpp(58) : see declaration of 'libbitcoin::operator /'
     1>C:\Source\evoskuil\libbitcoin\include\bitcoin/bitcoin/utility/hash_number.hpp(75): error C2375: 'libbitcoin::operator +' : redefinition; different linkage (..\..\..\..\src\database\history_database.cpp)
                 C:\Source\evoskuil\libbitcoin\include\bitcoin/bitcoin/utility/hash_number.hpp(60) : see declaration of 'libbitcoin::operator +'
     1>C:\Source\evoskuil\libbitcoin\include\bitcoin/bitcoin/utility/hash_number.hpp(67): error C2375: 'libbitcoin::operator >' : redefinition; different linkage (..\..\..\..\src\database\hsdb_settings.cpp)
                 C:\Source\evoskuil\libbitcoin\include\bitcoin/bitcoin/utility/hash_number.hpp(52) : see declaration of 'libbitcoin::operator >'
     1>C:\Source\evoskuil\libbitcoin\include\bitcoin/bitcoin/utility/hash_number.hpp(69): error C2375: 'libbitcoin::operator <=' : redefinition; different linkage (..\..\..\..\src\database\hsdb_settings.cpp)
                 C:\Source\evoskuil\libbitcoin\include\bitcoin/bitcoin/utility/hash_number.hpp(54) : see declaration of 'libbitcoin::operator <='
     1>C:\Source\evoskuil\libbitcoin\include\bitcoin/bitcoin/utility/hash_number.hpp(71): error C2375: 'libbitcoin::operator <<' : redefinition; different linkage (..\..\..\..\src\database\hsdb_settings.cpp)
                 C:\Source\evoskuil\libbitcoin\include\bitcoin/bitcoin/utility/hash_number.hpp(56) : see declaration of 'libbitcoin::operator <<'
     1>C:\Source\evoskuil\libbitcoin\include\bitcoin/bitcoin/utility/hash_number.hpp(73): error C2375: 'libbitcoin::operator /' : redefinition; different linkage (..\..\..\..\src\database\hsdb_settings.cpp)
                 C:\Source\evoskuil\libbitcoin\include\bitcoin/bitcoin/utility/hash_number.hpp(58) : see declaration of 'libbitcoin::operator /'
     1>C:\Source\evoskuil\libbitcoin\include\bitcoin/bitcoin/utility/hash_number.hpp(75): error C2375: 'libbitcoin::operator +' : redefinition; different linkage (..\..\..\..\src\database\hsdb_settings.cpp)
                 C:\Source\evoskuil\libbitcoin\include\bitcoin/bitcoin/utility/hash_number.hpp(60) : see declaration of 'libbitcoin::operator +'
     1>C:\Source\evoskuil\libbitcoin\include\bitcoin/bitcoin/blockchain/blockchain.hpp(86): warning C4251: 'libbitcoin::blockchain::stealth_row::ephemkey' : class 'std::vector<boost::asio::detail::buffered_stream_storage::byte_type,std::allocator<_Ty>>' needs to have dll-interface to be used by clients of struct 'libbitcoin::blockchain::stealth_row'
                 with
                 [
                     _Ty=boost::asio::detail::buffered_stream_storage::byte_type
                 ] (..\..\..\..\src\database\multimap_records.cpp)
     1>C:\Source\evoskuil\libbitcoin\include\bitcoin/bitcoin/blockchain/blockchain.hpp(87): warning C4251: 'libbitcoin::blockchain::stealth_row::address' : class 'libbitcoin::payment_address' needs to have dll-interface to be used by clients of struct 'libbitcoin::blockchain::stealth_row' (..\..\..\..\src\database\multimap_records.cpp)
                 C:\Source\evoskuil\libbitcoin\include\bitcoin/bitcoin/address.hpp(51) : see declaration of 'libbitcoin::payment_address'
     1>C:\Source\evoskuil\libbitcoin\include\bitcoin/bitcoin/blockchain/blockchain.hpp(86): warning C4251: 'libbitcoin::blockchain::stealth_row::ephemkey' : class 'std::vector<boost::asio::detail::buffered_stream_storage::byte_type,std::allocator<_Ty>>' needs to have dll-interface to be used by clients of struct 'libbitcoin::blockchain::stealth_row'
                 with
                 [
                     _Ty=boost::asio::detail::buffered_stream_storage::byte_type
                 ] (..\..\..\..\src\database\record_allocator.cpp)
     1>C:\Source\evoskuil\libbitcoin\include\bitcoin/bitcoin/blockchain/blockchain.hpp(87): warning C4251: 'libbitcoin::blockchain::stealth_row::address' : class 'libbitcoin::payment_address' needs to have dll-interface to be used by clients of struct 'libbitcoin::blockchain::stealth_row' (..\..\..\..\src\database\record_allocator.cpp)
                 C:\Source\evoskuil\libbitcoin\include\bitcoin/bitcoin/address.hpp(51) : see declaration of 'libbitcoin::payment_address'
     1>C:\Source\evoskuil\libbitcoin\include\bitcoin/bitcoin/blockchain/blockchain.hpp(86): warning C4251: 'libbitcoin::blockchain::stealth_row::ephemkey' : class 'std::vector<boost::asio::detail::buffered_stream_storage::byte_type,std::allocator<_Ty>>' needs to have dll-interface to be used by clients of struct 'libbitcoin::blockchain::stealth_row'
                 with
                 [
                     _Ty=boost::asio::detail::buffered_stream_storage::byte_type
                 ] (..\..\..\..\src\database\hsdb_shard.cpp)
     1>C:\Source\evoskuil\libbitcoin\include\bitcoin/bitcoin/blockchain/blockchain.hpp(87): warning C4251: 'libbitcoin::blockchain::stealth_row::address' : class 'libbitcoin::payment_address' needs to have dll-interface to be used by clients of struct 'libbitcoin::blockchain::stealth_row' (..\..\..\..\src\database\hsdb_shard.cpp)
                 C:\Source\evoskuil\libbitcoin\include\bitcoin/bitcoin/address.hpp(51) : see declaration of 'libbitcoin::payment_address'
     1>C:\Source\evoskuil\libbitcoin\include\bitcoin/bitcoin/blockchain/blockchain.hpp(86): warning C4251: 'libbitcoin::blockchain::stealth_row::ephemkey' : class 'std::vector<boost::asio::detail::buffered_stream_storage::byte_type,std::allocator<_Ty>>' needs to have dll-interface to be used by clients of struct 'libbitcoin::blockchain::stealth_row'
                 with
                 [
                     _Ty=boost::asio::detail::buffered_stream_storage::byte_type
                 ] (..\..\..\..\src\database\linked_records.cpp)
     1>C:\Source\evoskuil\libbitcoin\include\bitcoin/bitcoin/blockchain/blockchain.hpp(87): warning C4251: 'libbitcoin::blockchain::stealth_row::address' : class 'libbitcoin::payment_address' needs to have dll-interface to be used by clients of struct 'libbitcoin::blockchain::stealth_row' (..\..\..\..\src\database\linked_records.cpp)
                 C:\Source\evoskuil\libbitcoin\include\bitcoin/bitcoin/address.hpp(51) : see declaration of 'libbitcoin::payment_address'
     1>C:\Source\evoskuil\libbitcoin\include\bitcoin/bitcoin/blockchain/blockchain.hpp(86): warning C4251: 'libbitcoin::blockchain::stealth_row::ephemkey' : class 'std::vector<boost::asio::detail::buffered_stream_storage::byte_type,std::allocator<_Ty>>' needs to have dll-interface to be used by clients of struct 'libbitcoin::blockchain::stealth_row'
                 with
                 [
                     _Ty=boost::asio::detail::buffered_stream_storage::byte_type
                 ] (..\..\..\..\src\database\block_database.cpp)
     1>C:\Source\evoskuil\libbitcoin\include\bitcoin/bitcoin/blockchain/blockchain.hpp(87): warning C4251: 'libbitcoin::blockchain::stealth_row::address' : class 'libbitcoin::payment_address' needs to have dll-interface to be used by clients of struct 'libbitcoin::blockchain::stealth_row' (..\..\..\..\src\database\block_database.cpp)
                 C:\Source\evoskuil\libbitcoin\include\bitcoin/bitcoin/address.hpp(51) : see declaration of 'libbitcoin::payment_address'
     1>C:\Source\evoskuil\libbitcoin\include\bitcoin/bitcoin/blockchain/blockchain.hpp(86): warning C4251: 'libbitcoin::blockchain::stealth_row::ephemkey' : class 'std::vector<boost::asio::detail::buffered_stream_storage::byte_type,std::allocator<_Ty>>' needs to have dll-interface to be used by clients of struct 'libbitcoin::blockchain::stealth_row'
                 with
                 [
                     _Ty=boost::asio::detail::buffered_stream_storage::byte_type
                 ] (..\..\..\..\src\database\history_database.cpp)
     1>C:\Source\evoskuil\libbitcoin\include\bitcoin/bitcoin/blockchain/blockchain.hpp(87): warning C4251: 'libbitcoin::blockchain::stealth_row::address' : class 'libbitcoin::payment_address' needs to have dll-interface to be used by clients of struct 'libbitcoin::blockchain::stealth_row' (..\..\..\..\src\database\history_database.cpp)
                 C:\Source\evoskuil\libbitcoin\include\bitcoin/bitcoin/address.hpp(51) : see declaration of 'libbitcoin::payment_address'
     1>C:\Source\evoskuil\libbitcoin\include\bitcoin/bitcoin/blockchain/blockchain.hpp(86): warning C4251: 'libbitcoin::blockchain::stealth_row::ephemkey' : class 'std::vector<boost::asio::detail::buffered_stream_storage::byte_type,std::allocator<_Ty>>' needs to have dll-interface to be used by clients of struct 'libbitcoin::blockchain::stealth_row'
                 with
                 [
                     _Ty=boost::asio::detail::buffered_stream_storage::byte_type
                 ] (..\..\..\..\src\database\hsdb_settings.cpp)
     1>C:\Source\evoskuil\libbitcoin\include\bitcoin/bitcoin/blockchain/blockchain.hpp(87): warning C4251: 'libbitcoin::blockchain::stealth_row::address' : class 'libbitcoin::payment_address' needs to have dll-interface to be used by clients of struct 'libbitcoin::blockchain::stealth_row' (..\..\..\..\src\database\hsdb_settings.cpp)
                 C:\Source\evoskuil\libbitcoin\include\bitcoin/bitcoin/address.hpp(51) : see declaration of 'libbitcoin::payment_address'
     1>C:\Source\evoskuil\libbitcoin\include\bitcoin/bitcoin/blockchain/blockchain.hpp(86): warning C4251: 'libbitcoin::blockchain::stealth_row::ephemkey' : class 'std::vector<boost::asio::detail::buffered_stream_storage::byte_type,std::allocator<_Ty>>' needs to have dll-interface to be used by clients of struct 'libbitcoin::blockchain::stealth_row'
                 with
                 [
                     _Ty=boost::asio::detail::buffered_stream_storage::byte_type
                 ] (..\..\..\..\src\database\history_scan_database.cpp)
     1>C:\Source\evoskuil\libbitcoin\include\bitcoin/bitcoin/blockchain/blockchain.hpp(87): warning C4251: 'libbitcoin::blockchain::stealth_row::address' : class 'libbitcoin::payment_address' needs to have dll-interface to be used by clients of struct 'libbitcoin::blockchain::stealth_row' (..\..\..\..\src\database\history_scan_database.cpp)
                 C:\Source\evoskuil\libbitcoin\include\bitcoin/bitcoin/address.hpp(51) : see declaration of 'libbitcoin::payment_address'
     1>Done Building Project "C:\Source\evoskuil\libbitcoin_blockchain\builds\msvc\vs2013\libbitcoin_blockchain\libbitcoin_blockchain.vcxproj" (Build target(s)) -- FAILED.

Build FAILED.

Time Elapsed 00:00:05.64
