Build started 9/20/2014 3:28:17 AM.
     1>Project "C:\Source\evoskuil\libbitcoin_blockchain\builds\msvc\vs2013\libbitcoin_blockchain\libbitcoin_blockchain.vcxproj" on node 2 (Build target(s)).
     1>ConfigInfo:
         ConfigurationType : StaticLibrary
         Configuration     : ReleaseLIB
         PlatformToolset   : CTP_Nov2013
         TargetPath        : C:\Source\evoskuil\libbitcoin_blockchain\builds\msvc\vs2013\libbitcoin_blockchain\..\..\..\..\bin\Win32\Release\CTP_Nov2013\static\libbitcoin_blockchain.lib
       LinkageInfo:
         Linkage-secp256k1 : static
         Linkage-mpir      : static
         Linkage-libbitcoin: static
       ClCompile:
         C:\Program Files (x86)\Microsoft Visual C++ Compiler Nov 2013 CTP\bin\CL.exe /c /IC:\Source\nuget\boost.1.56.0.0\build\native\..\..\lib\native\include\ /IC:\Source\nuget\secp256k1_gmp_vc120.0.1.0.1\build\native\include\ /IC:\Source\nuget\libgmp_vc120.5.1.3.2\build\native\include\ /IC:\Source\evoskuil\libbitcoin_blockchain\builds\msvc\vs2013\libbitcoin_blockchain\..\..\..\..\..\libbitcoin\include\ /IC:\Source\evoskuil\libbitcoin_blockchain\builds\msvc\vs2013\libbitcoin_blockchain\..\..\..\..\include\ /Zi /nologo /W3 /WX- /MP /O2 /Ob1 /Oi /Oy- /D EC_STATIC /D BC_STATIC /D BITCOIN_DISABLE_ASSERTS /D BITCOIN_DISABLE_ASSERTS /D BCB_STATIC /D _WIN32_WINNT=0x0600 /D _LIB /D NDEBUG /D UNICODE /D _UNICODE /D WIN32 /D _WIN32 /Gm- /EHsc /MT /GS /Gy /fp:precise /Zc:wchar_t /Zc:forScope /Fo"C:\Source\evoskuil\libbitcoin_blockchain\builds\msvc\vs2013\libbitcoin_blockchain\..\..\..\..\obj\libbitcoin_blockchain\Win32\Release\CTP_Nov2013\static\\" /Fd"C:\Source\evoskuil\libbitcoin_blockchain\builds\msvc\vs2013\libbitcoin_blockchain\..\..\..\..\obj\libbitcoin_blockchain\Win32\Release\CTP_Nov2013\static\vc120.pdb" /Gd /TP /analyze- /errorReport:prompt /Oy- ..\..\..\..\src\database\block_database.cpp ..\..\..\..\src\database\history_database.cpp ..\..\..\..\src\database\multimap_records.cpp ..\..\..\..\src\database\spend_database.cpp ..\..\..\..\src\database\transaction_database.cpp ..\..\..\..\src\db_interface.cpp ..\..\..\..\src\impl\blockchain_impl.cpp ..\..\..\..\src\impl\organizer_impl.cpp ..\..\..\..\src\impl\simple_chain_impl.cpp ..\..\..\..\src\impl\validate_block_impl.cpp ..\..\..\..\src\organizer.cpp
         block_database.cpp
         history_database.cpp
         multimap_records.cpp
         spend_database.cpp
         transaction_database.cpp
         db_interface.cpp
         blockchain_impl.cpp
         organizer_impl.cpp
     1>C:\Source\evoskuil\libbitcoin_blockchain\include\bitcoin/blockchain/organizer.hpp(103): error C2057: expected constant expression (..\..\..\..\src\impl\organizer_impl.cpp)
     1>C:\Source\evoskuil\libbitcoin_blockchain\include\bitcoin/blockchain/database/block_database.hpp(75): error C2057: expected constant expression (..\..\..\..\src\db_interface.cpp)
     1>C:\Source\evoskuil\libbitcoin_blockchain\include\bitcoin/blockchain/database/disk_array.hpp(45): error C2057: expected constant expression (..\..\..\..\src\db_interface.cpp)
                 C:\Source\evoskuil\libbitcoin_blockchain\include\bitcoin/blockchain/database/block_database.hpp(133) : see reference to class template instantiation 'libbitcoin::chain::disk_array<libbitcoin::chain::index_type,libbitcoin::chain::position_type>' being compiled
     1>C:\Source\evoskuil\libbitcoin_blockchain\include\bitcoin/blockchain/database/disk_array.hpp(45): error C2057: expected constant expression (..\..\..\..\src\database\transaction_database.cpp)
                 C:\Source\evoskuil\libbitcoin_blockchain\include\bitcoin/blockchain/database/transaction_database.hpp(123) : see reference to class template instantiation 'libbitcoin::chain::disk_array<libbitcoin::chain::index_type,libbitcoin::chain::position_type>' being compiled
     1>C:\Source\evoskuil\libbitcoin_blockchain\include\bitcoin/blockchain/database/block_database.hpp(75): error C2057: expected constant expression (..\..\..\..\src\database\block_database.cpp)
     1>C:\Source\evoskuil\libbitcoin_blockchain\include\bitcoin/blockchain/database/disk_array.hpp(45): error C2057: expected constant expression (..\..\..\..\src\database\block_database.cpp)
                 C:\Source\evoskuil\libbitcoin_blockchain\include\bitcoin/blockchain/database/block_database.hpp(133) : see reference to class template instantiation 'libbitcoin::chain::disk_array<libbitcoin::chain::index_type,libbitcoin::chain::position_type>' being compiled
     1>C:\Source\evoskuil\libbitcoin_blockchain\include\bitcoin/blockchain/database/block_database.hpp(75): error C2057: expected constant expression (..\..\..\..\src\impl\organizer_impl.cpp)
     1>C:\Source\evoskuil\libbitcoin_blockchain\include\bitcoin/blockchain/database/disk_array.hpp(45): error C2057: expected constant expression (..\..\..\..\src\impl\organizer_impl.cpp)
                 C:\Source\evoskuil\libbitcoin_blockchain\include\bitcoin/blockchain/database/block_database.hpp(133) : see reference to class template instantiation 'libbitcoin::chain::disk_array<libbitcoin::chain::index_type,libbitcoin::chain::position_type>' being compiled
         simple_chain_impl.cpp
         validate_block_impl.cpp
     1>C:\Source\evoskuil\libbitcoin_blockchain\include\bitcoin/blockchain/database/disk_array.hpp(45): error C2057: expected constant expression (..\..\..\..\src\database\history_database.cpp)
                 C:\Source\evoskuil\libbitcoin_blockchain\include\bitcoin/blockchain/database/history_database.hpp(105) : see reference to class template instantiation 'libbitcoin::chain::disk_array<libbitcoin::chain::index_type,libbitcoin::chain::index_type>' being compiled
     1>C:\Source\evoskuil\libbitcoin_blockchain\include\bitcoin/blockchain/database/disk_array.hpp(45): error C2057: expected constant expression (..\..\..\..\src\database\spend_database.cpp)
                 C:\Source\evoskuil\libbitcoin_blockchain\include\bitcoin/blockchain/database/spend_database.hpp(101) : see reference to class template instantiation 'libbitcoin::chain::disk_array<libbitcoin::chain::index_type,libbitcoin::chain::index_type>' being compiled
         organizer.cpp
     1>C:\Source\evoskuil\libbitcoin_blockchain\include\bitcoin/blockchain/organizer.hpp(103): error C2057: expected constant expression (..\..\..\..\src\impl\blockchain_impl.cpp)
     1>C:\Source\evoskuil\libbitcoin_blockchain\include\bitcoin/blockchain/database/block_database.hpp(75): error C2057: expected constant expression (..\..\..\..\src\impl\blockchain_impl.cpp)
     1>C:\Source\evoskuil\libbitcoin_blockchain\include\bitcoin/blockchain/database/disk_array.hpp(45): error C2057: expected constant expression (..\..\..\..\src\impl\blockchain_impl.cpp)
                 C:\Source\evoskuil\libbitcoin_blockchain\include\bitcoin/blockchain/database/block_database.hpp(133) : see reference to class template instantiation 'libbitcoin::chain::disk_array<libbitcoin::chain::index_type,libbitcoin::chain::position_type>' being compiled
     1>C:\Source\evoskuil\libbitcoin_blockchain\include\bitcoin/blockchain/blockchain_impl.hpp(130): error C2143: syntax error : missing ';' before '&' (..\..\..\..\src\impl\blockchain_impl.cpp)
     1>C:\Source\evoskuil\libbitcoin_blockchain\include\bitcoin/blockchain/blockchain_impl.hpp(130): error C4430: missing type specifier - int assumed. Note: C++ does not support default-int (..\..\..\..\src\impl\blockchain_impl.cpp)
     1>..\..\..\..\src\impl\blockchain_impl.cpp(37): error C2614: 'libbitcoin::chain::blockchain_impl' : illegal member initialization: 'ios_' is not a base or member
     1>..\..\..\..\src\impl\blockchain_impl.cpp(160): error C2065: 'ios_' : undeclared identifier
     1>..\..\..\..\src\impl\blockchain_impl.cpp(160): error C2228: left of '.post' must have class/struct/union
                 type is 'unknown-type'
     1>C:\Source\evoskuil\libbitcoin_blockchain\include\bitcoin/blockchain/database/block_database.hpp(75): error C2057: expected constant expression (..\..\..\..\src\impl\validate_block_impl.cpp)
     1>C:\Source\evoskuil\libbitcoin_blockchain\include\bitcoin/blockchain/database/disk_array.hpp(45): error C2057: expected constant expression (..\..\..\..\src\impl\validate_block_impl.cpp)
                 C:\Source\evoskuil\libbitcoin_blockchain\include\bitcoin/blockchain/database/block_database.hpp(133) : see reference to class template instantiation 'libbitcoin::chain::disk_array<libbitcoin::chain::index_type,libbitcoin::chain::position_type>' being compiled
     1>C:\Source\evoskuil\libbitcoin_blockchain\include\bitcoin/blockchain/database/block_database.hpp(75): error C2057: expected constant expression (..\..\..\..\src\impl\simple_chain_impl.cpp)
     1>C:\Source\evoskuil\libbitcoin_blockchain\include\bitcoin/blockchain/database/disk_array.hpp(45): error C2057: expected constant expression (..\..\..\..\src\impl\simple_chain_impl.cpp)
                 C:\Source\evoskuil\libbitcoin_blockchain\include\bitcoin/blockchain/database/block_database.hpp(133) : see reference to class template instantiation 'libbitcoin::chain::disk_array<libbitcoin::chain::index_type,libbitcoin::chain::position_type>' being compiled
     1>C:\Source\evoskuil\libbitcoin_blockchain\include\bitcoin/blockchain/organizer.hpp(103): error C2057: expected constant expression (..\..\..\..\src\impl\validate_block_impl.cpp)
     1>C:\Source\evoskuil\libbitcoin_blockchain\include\bitcoin/blockchain/organizer.hpp(103): error C2057: expected constant expression (..\..\..\..\src\impl\simple_chain_impl.cpp)
     1>C:\Source\evoskuil\libbitcoin_blockchain\include\bitcoin/blockchain/organizer.hpp(103): error C2057: expected constant expression (..\..\..\..\src\organizer.cpp)
     1>Done Building Project "C:\Source\evoskuil\libbitcoin_blockchain\builds\msvc\vs2013\libbitcoin_blockchain\libbitcoin_blockchain.vcxproj" (Build target(s)) -- FAILED.

Build FAILED.

Time Elapsed 00:00:12.28
